\BOOKMARK [0][-]{chapter.1}{\376\377\000I\000n\000t\000r\000o\000d\000u\000z\000i\000o\000n\000e}{}% 1
\BOOKMARK [1][-]{section.1.1}{\376\377\000C\000h\000e\000\040\000c\000o\000s\000'\000\350\000\040\000l\000a\000\040\000f\000i\000r\000m\000a\000\040\000d\000i\000g\000i\000t\000a\000l\000e\000?}{chapter.1}% 2
\BOOKMARK [2][-]{subsection.1.1.1}{\376\377\000D\000a\000l\000\040\000p\000u\000n\000t\000o\000\040\000d\000i\000\040\000v\000i\000s\000t\000a\000\040\000g\000e\000n\000e\000r\000a\000l\000e}{section.1.1}% 3
\BOOKMARK [2][-]{subsection.1.1.2}{\376\377\000D\000a\000l\000\040\000p\000u\000n\000t\000o\000\040\000d\000i\000\040\000v\000i\000s\000t\000a\000\040\000t\000e\000c\000n\000i\000c\000o}{section.1.1}% 4
\BOOKMARK [1][-]{section.1.2}{\376\377\000F\000i\000r\000m\000a\000\040\000d\000i\000g\000i\000t\000a\000l\000e\000\040\000v\000s\000\040\000a\000n\000a\000l\000o\000g\000i\000c\000a}{chapter.1}% 5
\BOOKMARK [0][-]{chapter.2}{\376\377\000C\000e\000r\000t\000i\000f\000i\000c\000a\000t\000i\000\040\000d\000i\000g\000i\000t\000a\000l\000i}{}% 6
\BOOKMARK [1][-]{subsection.2.0.1}{\376\377\000A\000t\000t\000a\000c\000c\000o\000\040\000m\000a\000n\000\040\000i\000n\000\040\000t\000h\000e\000\040\000m\000i\000d\000d\000l\000e}{chapter.2}% 7
\BOOKMARK [2][-]{subsection.2.0.2}{\376\377\000M\000e\000t\000o\000d\000o\000\040\000r\000i\000s\000o\000l\000u\000t\000i\000v\000o}{subsection.2.0.1}% 8
\BOOKMARK [2][-]{subsection.2.0.3}{\376\377\000C\000e\000r\000t\000i\000f\000i\000c\000a\000t\000e\000\040\000a\000u\000t\000h\000o\000r\000i\000t\000y}{subsection.2.0.1}% 9
\BOOKMARK [2][-]{subsection.2.0.4}{\376\377\000C\000R\000L}{subsection.2.0.1}% 10
\BOOKMARK [0][-]{chapter.3}{\376\377\000F\000u\000n\000z\000i\000o\000n\000a\000m\000e\000n\000t\000o}{}% 11
\BOOKMARK [1][-]{section.3.1}{\376\377\000F\000a\000s\000i}{chapter.3}% 12
\BOOKMARK [2][-]{subsection.3.1.1}{\376\377\000G\000e\000n\000e\000r\000a\000z\000i\000o\000n\000e\000\040\000i\000m\000p\000r\000o\000n\000t\000a\000\040\000d\000i\000g\000i\000t\000a\000l\000e}{section.3.1}% 13
\BOOKMARK [2][-]{subsection.3.1.2}{\376\377\000G\000e\000n\000e\000r\000a\000z\000i\000o\000n\000e\000\040\000d\000e\000l\000l\000a\000\040\000f\000i\000r\000m\000a\000\040\000d\000i\000g\000i\000t\000a\000l\000e}{section.3.1}% 14
\BOOKMARK [2][-]{subsection.3.1.3}{\376\377\000I\000n\000v\000i\000o\000\040\000a\000l\000\040\000d\000e\000s\000t\000i\000n\000a\000t\000a\000r\000i\000o}{section.3.1}% 15
\BOOKMARK [2][-]{subsection.3.1.4}{\376\377\000V\000e\000r\000i\000f\000i\000c\000a\000\040\000d\000e\000l\000\040\000c\000e\000r\000t\000i\000f\000i\000c\000a\000t\000o}{section.3.1}% 16
\BOOKMARK [0][-]{chapter.4}{\376\377\000I\000m\000p\000l\000e\000m\000e\000n\000t\000a\000z\000i\000o\000n\000e\000\040\000d\000e\000l\000l\000a\000\040\000f\000i\000r\000m\000a\000\040\000d\000i\000g\000i\000t\000a\000l\000e\000\040\000c\000o\000n\000\040\000R\000S\000A}{}% 17
\BOOKMARK [1][-]{section.4.1}{\376\377\000G\000e\000n\000e\000r\000a\000z\000i\000o\000n\000e\000\040\000d\000e\000l\000l\000e\000\040\000c\000h\000i\000a\000v\000i}{chapter.4}% 18
\BOOKMARK [1][-]{section.4.2}{\376\377\000F\000i\000r\000m\000a\000\040\000d\000e\000l\000\040\000m\000e\000s\000s\000a\000g\000g\000i\000o\000\040\000\050\000m\000i\000t\000t\000e\000n\000t\000e\000\051}{chapter.4}% 19
\BOOKMARK [1][-]{section.4.3}{\376\377\000V\000e\000r\000i\000f\000i\000c\000a\000\040\000d\000e\000l\000l\000a\000\040\000f\000i\000r\000m\000a}{chapter.4}% 20
\BOOKMARK [0][-]{chapter.5}{\376\377\000F\000a\000l\000s\000i\000f\000i\000c\000a\000z\000i\000o\000n\000e\000\040\000d\000e\000l\000l\000a\000\040\000f\000i\000r\000m\000a}{}% 21
\BOOKMARK [1][-]{section.5.1}{\376\377\000U\000n\000i\000v\000e\000r\000s\000a\000l\000\040\000s\000i\000g\000n\000a\000t\000u\000r\000e\000\040\000f\000o\000r\000g\000e\000r\000y\000\040\000\050\000U\000S\000F\000\051}{chapter.5}% 22
\BOOKMARK [1][-]{section.5.2}{\376\377\000I\000n\000c\000r\000e\000m\000e\000n\000t\000a\000l\000\040\000s\000a\000v\000i\000n\000g\000\040\000a\000t\000t\000a\000c\000k\000\040\000\050\000I\000S\000A\000\051}{chapter.5}% 23
\BOOKMARK [1][-]{section.5.3}{\376\377\000S\000i\000g\000n\000a\000t\000u\000r\000e\000\040\000W\000r\000a\000p\000p\000i\000n\000g\000\040\000\050\000S\000W\000A\000\051}{chapter.5}% 24
\BOOKMARK [1][-]{section.5.4}{\376\377\000I\000l\000\040\000p\000a\000r\000a\000d\000o\000s\000s\000o\000\040\000d\000e\000l\000l\000a\000\040\000c\000h\000i\000a\000v\000e\000\040\000p\000r\000i\000v\000a\000t\000a}{chapter.5}% 25
\BOOKMARK [2][-]{subsection.5.4.1}{\376\377\000S\000m\000a\000r\000t\000\040\000c\000a\000r\000d}{section.5.4}% 26
\BOOKMARK [2][-]{subsection.5.4.2}{\376\377\000D\000i\000s\000p\000o\000s\000i\000t\000i\000v\000i\000\040\000O\000T\000P\000\040\000\050\000o\000n\000e\000-\000t\000i\000m\000e\000-\000p\000a\000s\000s\000w\000o\000r\000d\000\051}{section.5.4}% 27
\BOOKMARK [2][-]{subsection.5.4.3}{\376\377\000T\000o\000k\000e\000n\000\040\000U\000S\000B}{section.5.4}% 28
\BOOKMARK [0][-]{chapter.6}{\376\377\000B\000i\000b\000l\000i\000o\000g\000r\000a\000f\000i\000a}{}% 29
